<?xml version="1.0" encoding="UTF-8"?>
<!-- Generated by org.testng.reporters.JUnitReportReporter -->
<testsuite hostname="LAPTOP-MC1B66H5" failures="0" tests="2" name="TestNG.Before_Class" time="0.103" errors="0" timestamp="2023-05-22T13:26:56 IST" skipped="0">
  <testcase classname="TestNG.Before_Class" name="Search" time="0.101"/>
  <system-out/>
  <testcase classname="TestNG.Before_Class" name="AdvanceSearch" time="0.002"/>
  <system-out/>
</testsuite> <!-- TestNG.Before_Class -->
