<?xml version="1.0" encoding="UTF-8"?>
<!-- Generated by org.testng.reporters.JUnitReportReporter -->
<testsuite hostname="LAPTOP-MC1B66H5" failures="0" tests="1" name="Java.Testdelete" time="15.760" errors="0" timestamp="2023-05-27T19:26:26 IST" skipped="0">
  <testcase classname="Java.Testdelete" name="Read" time="15.760"/>
  <system-out/>
</testsuite> <!-- Java.Testdelete -->
