<?xml version="1.0" encoding="UTF-8"?>
<!-- Generated by org.testng.reporters.JUnitReportReporter -->
<testsuite hostname="LAPTOP-MC1B66H5" failures="0" tests="2" name="Grouping.IncludeSingleTest" time="0.017" errors="0" timestamp="2023-05-20T16:12:40 IST" skipped="0">
  <testcase classname="Grouping.IncludeSingleTest" name="method3" time="0.009"/>
  <system-out/>
  <testcase classname="Grouping.IncludeSingleTest" name="method1" time="0.008"/>
  <system-out/>
</testsuite> <!-- Grouping.IncludeSingleTest -->
