<?xml version="1.0" encoding="UTF-8"?>
<!-- Generated by org.testng.reporters.JUnitReportReporter -->
<testsuite hostname="LAPTOP-MC1B66H5" failures="0" tests="1" name="TestNG.TestCase" time="11.677" errors="0" timestamp="2023-05-20T11:55:56 IST" skipped="0">
  <testcase classname="TestNG.TestCase" name="OpenApp" time="11.677"/>
  <system-out/>
</testsuite> <!-- TestNG.TestCase -->
