<?xml version="1.0" encoding="UTF-8"?>
<!-- Generated by org.testng.reporters.JUnitReportReporter -->
<testsuite hostname="LAPTOP-MC1B66H5" failures="0" tests="6" name="Parametrization.Parametrization_1" time="1.812" errors="0" timestamp="2023-04-25T20:44:53 IST" skipped="0">
  <testcase classname="Parametrization.Parametrization_1" name="Test2" time="0.014"/>
  <system-out/>
  <testcase classname="Parametrization.Parametrization_1" name="Test2" time="0.002"/>
  <system-out/>
  <testcase classname="Parametrization.Parametrization_1" name="Test3" time="0.001"/>
  <system-out/>
  <testcase classname="Parametrization.Parametrization_1" name="Test3" time="0.001"/>
  <system-out/>
  <testcase classname="Parametrization.Parametrization_1" name="Test1" time="0.654"/>
  <system-out/>
  <testcase classname="Parametrization.Parametrization_1" name="Test1" time="1.140"/>
  <system-out/>
</testsuite> <!-- Parametrization.Parametrization_1 -->
