<?xml version="1.0" encoding="UTF-8"?>
<!-- Generated by org.testng.reporters.JUnitReportReporter -->
<testsuite hostname="LAPTOP-MC1B66H5" failures="0" tests="9" name="Grouping.Grouping" time="0.013" errors="0" timestamp="2023-04-25T11:13:34 IST" skipped="0">
  <testcase classname="Grouping.Grouping" name="loginByEmail" time="0.006"/>
  <system-out/>
  <testcase classname="Grouping.Grouping" name="loginByFacebook" time="0.001"/>
  <system-out/>
  <testcase classname="Grouping.Grouping" name="loginBytwitter" time="0.001"/>
  <system-out/>
  <testcase classname="Grouping.Grouping" name="SignupByEmail" time="0.001"/>
  <system-out/>
  <testcase classname="Grouping.Grouping" name="SignupByFacebook" time="0.001"/>
  <system-out/>
  <testcase classname="Grouping.Grouping" name="SignupBytwitter" time="0.001"/>
  <system-out/>
  <testcase classname="Grouping.Grouping" name="PaymentinRupees" time="0.000"/>
  <system-out/>
  <testcase classname="Grouping.Grouping" name="PaymentinDollar" time="0.001"/>
  <system-out/>
  <testcase classname="Grouping.Grouping" name="PaymentReturnByBank" time="0.001"/>
  <system-out/>
</testsuite> <!-- Grouping.Grouping -->
