<?xml version="1.0" encoding="UTF-8"?>
<!-- Generated by org.testng.reporters.JUnitReportReporter -->
<testsuite hostname="LAPTOP-MC1B66H5" failures="0" tests="2" name="TestNG.Annotations" time="11.362" errors="0" timestamp="2023-04-24T19:36:46 IST" skipped="0">
  <testcase classname="TestNG.Annotations" name="Search" time="5.707"/>
  <system-out/>
  <testcase classname="TestNG.Annotations" name="AdvanceSearch" time="5.655"/>
  <system-out/>
</testsuite> <!-- TestNG.Annotations -->
