<?xml version="1.0" encoding="UTF-8"?>
<!-- Generated by org.testng.reporters.JUnitReportReporter -->
<testsuite hostname="LAPTOP-MC1B66H5" failures="0" tests="3" name="TestNG.FirstClass" time="0.010" errors="0" timestamp="2023-04-24T16:59:53 IST" skipped="0">
  <testcase classname="TestNG.FirstClass" name="test3" time="0.001"/>
  <system-out/>
  <testcase classname="TestNG.FirstClass" name="test2" time="0.003"/>
  <system-out/>
  <testcase classname="TestNG.FirstClass" name="test1" time="0.006"/>
  <system-out/>
</testsuite> <!-- TestNG.FirstClass -->
