<?xml version="1.0" encoding="UTF-8"?>
<!-- Generated by org.testng.reporters.JUnitReportReporter -->
<testsuite hostname="LAPTOP-MC1B66H5" failures="0" tests="6" name="Grouping.Grouping_1" time="0.017" errors="0" timestamp="2023-04-25T11:20:40 IST" skipped="0">
  <testcase classname="Grouping.Grouping_1" name="loginByEmail" time="0.007"/>
  <system-out/>
  <testcase classname="Grouping.Grouping_1" name="loginByFacebook" time="0.001"/>
  <system-out/>
  <testcase classname="Grouping.Grouping_1" name="loginBytwitter" time="0.003"/>
  <system-out/>
  <testcase classname="Grouping.Grouping_1" name="SignupByEmail" time="0.001"/>
  <system-out/>
  <testcase classname="Grouping.Grouping_1" name="PaymentinRupees" time="0.001"/>
  <system-out/>
  <testcase classname="Grouping.Grouping_1" name="PaymentinDollar" time="0.004"/>
  <system-out/>
</testsuite> <!-- Grouping.Grouping_1 -->
