<?xml version="1.0" encoding="UTF-8"?>
<!-- Generated by org.testng.reporters.JUnitReportReporter -->
<testsuite hostname="LAPTOP-MC1B66H5" failures="0" tests="2" name="TestNG.Before_Method" time="7.029" errors="0" timestamp="2023-05-22T09:02:08 IST" skipped="0">
  <testcase classname="TestNG.Before_Method" name="Search" time="2.378"/>
  <system-out/>
  <testcase classname="TestNG.Before_Method" name="AdvanceSearch" time="4.651"/>
  <system-out/>
</testsuite> <!-- TestNG.Before_Method -->
