<?xml version="1.0" encoding="UTF-8"?>
<!-- Generated by org.testng.reporters.JUnitReportReporter -->
<testsuite hostname="LAPTOP-MC1B66H5" failures="0" tests="2" name="TestNG.Before_Test" time="0.006" errors="0" timestamp="2023-05-22T09:03:06 IST" skipped="0">
  <testcase classname="TestNG.Before_Test" name="TestMethod2" time="0.005"/>
  <system-out/>
  <testcase classname="TestNG.Before_Test" name="TestMethod1" time="0.001"/>
  <system-out/>
</testsuite> <!-- TestNG.Before_Test -->
