<?xml version="1.0" encoding="UTF-8"?>
<!-- Generated by org.testng.reporters.JUnitReportReporter -->
<testsuite hostname="LAPTOP-MC1B66H5" failures="0" tests="1" name="TestNG.HardvsSoftAssertions" time="0.010" errors="0" timestamp="2023-04-24T22:08:47 IST" skipped="0">
  <testcase classname="TestNG.HardvsSoftAssertions" name="test_softAss" time="0.010"/>
  <system-out/>
</testsuite> <!-- TestNG.HardvsSoftAssertions -->
